d:\codes\vc\check_color_mfc\check_color_mfc\check_color_mfc\x64\debug\check_color_mfc.pch
d:\codes\vc\check_color_mfc\check_color_mfc\check_color_mfc\x64\debug\vc120.pdb
d:\codes\vc\check_color_mfc\check_color_mfc\check_color_mfc\x64\debug\vc120.idb
d:\codes\vc\check_color_mfc\check_color_mfc\check_color_mfc\x64\debug\stdafx.obj
d:\codes\vc\check_color_mfc\check_color_mfc\check_color_mfc\x64\debug\check_color_mfc.obj
d:\codes\vc\check_color_mfc\check_color_mfc\check_color_mfc\x64\debug\check_color_mfcdlg.obj
d:\codes\vc\check_color_mfc\check_color_mfc\check_color_mfc\x64\debug\file_io.obj
d:\codes\vc\check_color_mfc\check_color_mfc\check_color_mfc\x64\debug\img_proc.obj
d:\codes\vc\check_color_mfc\check_color_mfc\x64\debug\check_color_mfc.ilk
d:\codes\vc\check_color_mfc\check_color_mfc\x64\debug\check_color_mfc.exe
d:\codes\vc\check_color_mfc\check_color_mfc\x64\debug\check_color_mfc.pdb
d:\codes\vc\check_color_mfc\check_color_mfc\check_color_mfc\x64\debug\check_color_mfc.res
d:\codes\vc\check_color_mfc\check_color_mfc\check_color_mfc\x64\debug\check_color_mfc.tlog\cl.command.1.tlog
d:\codes\vc\check_color_mfc\check_color_mfc\check_color_mfc\x64\debug\check_color_mfc.tlog\cl.read.1.tlog
d:\codes\vc\check_color_mfc\check_color_mfc\check_color_mfc\x64\debug\check_color_mfc.tlog\cl.write.1.tlog
d:\codes\vc\check_color_mfc\check_color_mfc\check_color_mfc\x64\debug\check_color_mfc.tlog\link.command.1.tlog
d:\codes\vc\check_color_mfc\check_color_mfc\check_color_mfc\x64\debug\check_color_mfc.tlog\link.read.1.tlog
d:\codes\vc\check_color_mfc\check_color_mfc\check_color_mfc\x64\debug\check_color_mfc.tlog\link.write.1.tlog
d:\codes\vc\check_color_mfc\check_color_mfc\check_color_mfc\x64\debug\check_color_mfc.tlog\rc.command.1.tlog
d:\codes\vc\check_color_mfc\check_color_mfc\check_color_mfc\x64\debug\check_color_mfc.tlog\rc.read.1.tlog
d:\codes\vc\check_color_mfc\check_color_mfc\check_color_mfc\x64\debug\check_color_mfc.tlog\rc.write.1.tlog
